The system is: Linux - 4.10.0-42-generic - x86_64
Compiling the C compiler identification source file "CMakeCCompilerId.c" succeeded.
Compiler: /usr/bin/cc 
Build flags: 
Id flags: 

The output was:
0


Compilation of the C compiler identification source "CMakeCCompilerId.c" produced "a.out"

The C compiler identification is GNU, found in "/home/moussa/dev/projects/component-native-ogre3d/src/main/scripts/linux64/ZZIPlib-master/CMakeFiles/3.7.2/CompilerIdC/a.out"

Determining if the C compiler works passed with the following output:
Change Dir: /home/moussa/dev/projects/component-native-ogre3d/src/main/scripts/linux64/ZZIPlib-master/CMakeFiles/CMakeTmp

Run Build Command:"/usr/bin/make" "cmTC_893c2/fast"
/usr/bin/make -f CMakeFiles/cmTC_893c2.dir/build.make CMakeFiles/cmTC_893c2.dir/build
make[1] : on entre dans le répertoire « /home/moussa/dev/projects/component-native-ogre3d/src/main/scripts/linux64/ZZIPlib-master/CMakeFiles/CMakeTmp »
Building C object CMakeFiles/cmTC_893c2.dir/testCCompiler.c.o
/usr/bin/cc     -o CMakeFiles/cmTC_893c2.dir/testCCompiler.c.o   -c /home/moussa/dev/projects/component-native-ogre3d/src/main/scripts/linux64/ZZIPlib-master/CMakeFiles/CMakeTmp/testCCompiler.c
Linking C executable cmTC_893c2
/usr/bin/cmake -E cmake_link_script CMakeFiles/cmTC_893c2.dir/link.txt --verbose=1
/usr/bin/cc       CMakeFiles/cmTC_893c2.dir/testCCompiler.c.o  -o cmTC_893c2 -rdynamic 
make[1] : on quitte le répertoire « /home/moussa/dev/projects/component-native-ogre3d/src/main/scripts/linux64/ZZIPlib-master/CMakeFiles/CMakeTmp »


Detecting C compiler ABI info compiled with the following output:
Change Dir: /home/moussa/dev/projects/component-native-ogre3d/src/main/scripts/linux64/ZZIPlib-master/CMakeFiles/CMakeTmp

Run Build Command:"/usr/bin/make" "cmTC_f5e42/fast"
/usr/bin/make -f CMakeFiles/cmTC_f5e42.dir/build.make CMakeFiles/cmTC_f5e42.dir/build
make[1] : on entre dans le répertoire « /home/moussa/dev/projects/component-native-ogre3d/src/main/scripts/linux64/ZZIPlib-master/CMakeFiles/CMakeTmp »
Building C object CMakeFiles/cmTC_f5e42.dir/CMakeCCompilerABI.c.o
/usr/bin/cc     -o CMakeFiles/cmTC_f5e42.dir/CMakeCCompilerABI.c.o   -c /usr/share/cmake-3.7/Modules/CMakeCCompilerABI.c
Linking C executable cmTC_f5e42
/usr/bin/cmake -E cmake_link_script CMakeFiles/cmTC_f5e42.dir/link.txt --verbose=1
/usr/bin/cc      -v CMakeFiles/cmTC_f5e42.dir/CMakeCCompilerABI.c.o  -o cmTC_f5e42 -rdynamic  
Using built-in specs.
COLLECT_GCC=/usr/bin/cc
COLLECT_LTO_WRAPPER=/usr/lib/gcc/x86_64-linux-gnu/6/lto-wrapper
Target: x86_64-linux-gnu
Configured with: ../src/configure -v --with-pkgversion='Ubuntu 6.3.0-12ubuntu2' --with-bugurl=file:///usr/share/doc/gcc-6/README.Bugs --enable-languages=c,ada,c++,java,go,d,fortran,objc,obj-c++ --prefix=/usr --program-suffix=-6 --program-prefix=x86_64-linux-gnu- --enable-shared --enable-linker-build-id --libexecdir=/usr/lib --without-included-gettext --enable-threads=posix --libdir=/usr/lib --enable-nls --with-sysroot=/ --enable-clocale=gnu --enable-libstdcxx-debug --enable-libstdcxx-time=yes --with-default-libstdcxx-abi=new --enable-gnu-unique-object --disable-vtable-verify --enable-libmpx --enable-plugin --enable-default-pie --with-system-zlib --disable-browser-plugin --enable-java-awt=gtk --enable-gtk-cairo --with-java-home=/usr/lib/jvm/java-1.5.0-gcj-6-amd64/jre --enable-java-home --with-jvm-root-dir=/usr/lib/jvm/java-1.5.0-gcj-6-amd64 --with-jvm-jar-dir=/usr/lib/jvm-exports/java-1.5.0-gcj-6-amd64 --with-arch-directory=amd64 --with-ecj-jar=/usr/share/java/eclipse-ecj.jar --with-target-system-zlib --enable-objc-gc=auto --enable-multiarch --disable-werror --with-arch-32=i686 --with-abi=m64 --with-multilib-list=m32,m64,mx32 --enable-multilib --with-tune=generic --enable-checking=release --build=x86_64-linux-gnu --host=x86_64-linux-gnu --target=x86_64-linux-gnu
Thread model: posix
gcc version 6.3.0 20170406 (Ubuntu 6.3.0-12ubuntu2) 
COMPILER_PATH=/usr/lib/gcc/x86_64-linux-gnu/6/:/usr/lib/gcc/x86_64-linux-gnu/6/:/usr/lib/gcc/x86_64-linux-gnu/:/usr/lib/gcc/x86_64-linux-gnu/6/:/usr/lib/gcc/x86_64-linux-gnu/
LIBRARY_PATH=/usr/lib/gcc/x86_64-linux-gnu/6/:/usr/lib/gcc/x86_64-linux-gnu/6/../../../x86_64-linux-gnu/:/usr/lib/gcc/x86_64-linux-gnu/6/../../../../lib/:/lib/x86_64-linux-gnu/:/lib/../lib/:/usr/lib/x86_64-linux-gnu/:/usr/lib/../lib/:/usr/lib/gcc/x86_64-linux-gnu/6/../../../:/lib/:/usr/lib/
COLLECT_GCC_OPTIONS='-v' '-o' 'cmTC_f5e42' '-rdynamic' '-mtune=generic' '-march=x86-64'
 /usr/lib/gcc/x86_64-linux-gnu/6/collect2 -plugin /usr/lib/gcc/x86_64-linux-gnu/6/liblto_plugin.so -plugin-opt=/usr/lib/gcc/x86_64-linux-gnu/6/lto-wrapper -plugin-opt=-fresolution=/tmp/ccRbpD8W.res -plugin-opt=-pass-through=-lgcc -plugin-opt=-pass-through=-lgcc_s -plugin-opt=-pass-through=-lc -plugin-opt=-pass-through=-lgcc -plugin-opt=-pass-through=-lgcc_s --sysroot=/ --build-id --eh-frame-hdr -m elf_x86_64 --hash-style=gnu --as-needed -export-dynamic -dynamic-linker /lib64/ld-linux-x86-64.so.2 -pie -z now -z relro -o cmTC_f5e42 /usr/lib/gcc/x86_64-linux-gnu/6/../../../x86_64-linux-gnu/Scrt1.o /usr/lib/gcc/x86_64-linux-gnu/6/../../../x86_64-linux-gnu/crti.o /usr/lib/gcc/x86_64-linux-gnu/6/crtbeginS.o -L/usr/lib/gcc/x86_64-linux-gnu/6 -L/usr/lib/gcc/x86_64-linux-gnu/6/../../../x86_64-linux-gnu -L/usr/lib/gcc/x86_64-linux-gnu/6/../../../../lib -L/lib/x86_64-linux-gnu -L/lib/../lib -L/usr/lib/x86_64-linux-gnu -L/usr/lib/../lib -L/usr/lib/gcc/x86_64-linux-gnu/6/../../.. CMakeFiles/cmTC_f5e42.dir/CMakeCCompilerABI.c.o -lgcc --as-needed -lgcc_s --no-as-needed -lc -lgcc --as-needed -lgcc_s --no-as-needed /usr/lib/gcc/x86_64-linux-gnu/6/crtendS.o /usr/lib/gcc/x86_64-linux-gnu/6/../../../x86_64-linux-gnu/crtn.o
COLLECT_GCC_OPTIONS='-v' '-o' 'cmTC_f5e42' '-rdynamic' '-mtune=generic' '-march=x86-64'
make[1] : on quitte le répertoire « /home/moussa/dev/projects/component-native-ogre3d/src/main/scripts/linux64/ZZIPlib-master/CMakeFiles/CMakeTmp »


Parsed C implicit link information from above output:
  link line regex: [^( *|.*[/\])(ld|([^/\]+-)?ld|collect2)[^/\]*( |$)]
  ignore line: [Change Dir: /home/moussa/dev/projects/component-native-ogre3d/src/main/scripts/linux64/ZZIPlib-master/CMakeFiles/CMakeTmp]
  ignore line: []
  ignore line: [Run Build Command:"/usr/bin/make" "cmTC_f5e42/fast"]
  ignore line: [/usr/bin/make -f CMakeFiles/cmTC_f5e42.dir/build.make CMakeFiles/cmTC_f5e42.dir/build]
  ignore line: [make[1] : on entre dans le répertoire « /home/moussa/dev/projects/component-native-ogre3d/src/main/scripts/linux64/ZZIPlib-master/CMakeFiles/CMakeTmp »]
  ignore line: [Building C object CMakeFiles/cmTC_f5e42.dir/CMakeCCompilerABI.c.o]
  ignore line: [/usr/bin/cc     -o CMakeFiles/cmTC_f5e42.dir/CMakeCCompilerABI.c.o   -c /usr/share/cmake-3.7/Modules/CMakeCCompilerABI.c]
  ignore line: [Linking C executable cmTC_f5e42]
  ignore line: [/usr/bin/cmake -E cmake_link_script CMakeFiles/cmTC_f5e42.dir/link.txt --verbose=1]
  ignore line: [/usr/bin/cc      -v CMakeFiles/cmTC_f5e42.dir/CMakeCCompilerABI.c.o  -o cmTC_f5e42 -rdynamic  ]
  ignore line: [Using built-in specs.]
  ignore line: [COLLECT_GCC=/usr/bin/cc]
  ignore line: [COLLECT_LTO_WRAPPER=/usr/lib/gcc/x86_64-linux-gnu/6/lto-wrapper]
  ignore line: [Target: x86_64-linux-gnu]
  ignore line: [Configured with: ../src/configure -v --with-pkgversion='Ubuntu 6.3.0-12ubuntu2' --with-bugurl=file:///usr/share/doc/gcc-6/README.Bugs --enable-languages=c,ada,c++,java,go,d,fortran,objc,obj-c++ --prefix=/usr --program-suffix=-6 --program-prefix=x86_64-linux-gnu- --enable-shared --enable-linker-build-id --libexecdir=/usr/lib --without-included-gettext --enable-threads=posix --libdir=/usr/lib --enable-nls --with-sysroot=/ --enable-clocale=gnu --enable-libstdcxx-debug --enable-libstdcxx-time=yes --with-default-libstdcxx-abi=new --enable-gnu-unique-object --disable-vtable-verify --enable-libmpx --enable-plugin --enable-default-pie --with-system-zlib --disable-browser-plugin --enable-java-awt=gtk --enable-gtk-cairo --with-java-home=/usr/lib/jvm/java-1.5.0-gcj-6-amd64/jre --enable-java-home --with-jvm-root-dir=/usr/lib/jvm/java-1.5.0-gcj-6-amd64 --with-jvm-jar-dir=/usr/lib/jvm-exports/java-1.5.0-gcj-6-amd64 --with-arch-directory=amd64 --with-ecj-jar=/usr/share/java/eclipse-ecj.jar --with-target-system-zlib --enable-objc-gc=auto --enable-multiarch --disable-werror --with-arch-32=i686 --with-abi=m64 --with-multilib-list=m32,m64,mx32 --enable-multilib --with-tune=generic --enable-checking=release --build=x86_64-linux-gnu --host=x86_64-linux-gnu --target=x86_64-linux-gnu]
  ignore line: [Thread model: posix]
  ignore line: [gcc version 6.3.0 20170406 (Ubuntu 6.3.0-12ubuntu2) ]
  ignore line: [COMPILER_PATH=/usr/lib/gcc/x86_64-linux-gnu/6/:/usr/lib/gcc/x86_64-linux-gnu/6/:/usr/lib/gcc/x86_64-linux-gnu/:/usr/lib/gcc/x86_64-linux-gnu/6/:/usr/lib/gcc/x86_64-linux-gnu/]
  ignore line: [LIBRARY_PATH=/usr/lib/gcc/x86_64-linux-gnu/6/:/usr/lib/gcc/x86_64-linux-gnu/6/../../../x86_64-linux-gnu/:/usr/lib/gcc/x86_64-linux-gnu/6/../../../../lib/:/lib/x86_64-linux-gnu/:/lib/../lib/:/usr/lib/x86_64-linux-gnu/:/usr/lib/../lib/:/usr/lib/gcc/x86_64-linux-gnu/6/../../../:/lib/:/usr/lib/]
  ignore line: [COLLECT_GCC_OPTIONS='-v' '-o' 'cmTC_f5e42' '-rdynamic' '-mtune=generic' '-march=x86-64']
  link line: [ /usr/lib/gcc/x86_64-linux-gnu/6/collect2 -plugin /usr/lib/gcc/x86_64-linux-gnu/6/liblto_plugin.so -plugin-opt=/usr/lib/gcc/x86_64-linux-gnu/6/lto-wrapper -plugin-opt=-fresolution=/tmp/ccRbpD8W.res -plugin-opt=-pass-through=-lgcc -plugin-opt=-pass-through=-lgcc_s -plugin-opt=-pass-through=-lc -plugin-opt=-pass-through=-lgcc -plugin-opt=-pass-through=-lgcc_s --sysroot=/ --build-id --eh-frame-hdr -m elf_x86_64 --hash-style=gnu --as-needed -export-dynamic -dynamic-linker /lib64/ld-linux-x86-64.so.2 -pie -z now -z relro -o cmTC_f5e42 /usr/lib/gcc/x86_64-linux-gnu/6/../../../x86_64-linux-gnu/Scrt1.o /usr/lib/gcc/x86_64-linux-gnu/6/../../../x86_64-linux-gnu/crti.o /usr/lib/gcc/x86_64-linux-gnu/6/crtbeginS.o -L/usr/lib/gcc/x86_64-linux-gnu/6 -L/usr/lib/gcc/x86_64-linux-gnu/6/../../../x86_64-linux-gnu -L/usr/lib/gcc/x86_64-linux-gnu/6/../../../../lib -L/lib/x86_64-linux-gnu -L/lib/../lib -L/usr/lib/x86_64-linux-gnu -L/usr/lib/../lib -L/usr/lib/gcc/x86_64-linux-gnu/6/../../.. CMakeFiles/cmTC_f5e42.dir/CMakeCCompilerABI.c.o -lgcc --as-needed -lgcc_s --no-as-needed -lc -lgcc --as-needed -lgcc_s --no-as-needed /usr/lib/gcc/x86_64-linux-gnu/6/crtendS.o /usr/lib/gcc/x86_64-linux-gnu/6/../../../x86_64-linux-gnu/crtn.o]
    arg [/usr/lib/gcc/x86_64-linux-gnu/6/collect2] ==> ignore
    arg [-plugin] ==> ignore
    arg [/usr/lib/gcc/x86_64-linux-gnu/6/liblto_plugin.so] ==> ignore
    arg [-plugin-opt=/usr/lib/gcc/x86_64-linux-gnu/6/lto-wrapper] ==> ignore
    arg [-plugin-opt=-fresolution=/tmp/ccRbpD8W.res] ==> ignore
    arg [-plugin-opt=-pass-through=-lgcc] ==> ignore
    arg [-plugin-opt=-pass-through=-lgcc_s] ==> ignore
    arg [-plugin-opt=-pass-through=-lc] ==> ignore
    arg [-plugin-opt=-pass-through=-lgcc] ==> ignore
    arg [-plugin-opt=-pass-through=-lgcc_s] ==> ignore
    arg [--sysroot=/] ==> ignore
    arg [--build-id] ==> ignore
    arg [--eh-frame-hdr] ==> ignore
    arg [-m] ==> ignore
    arg [elf_x86_64] ==> ignore
    arg [--hash-style=gnu] ==> ignore
    arg [--as-needed] ==> ignore
    arg [-export-dynamic] ==> ignore
    arg [-dynamic-linker] ==> ignore
    arg [/lib64/ld-linux-x86-64.so.2] ==> ignore
    arg [-pie] ==> ignore
    arg [-znow] ==> ignore
    arg [-zrelro] ==> ignore
    arg [-o] ==> ignore
    arg [cmTC_f5e42] ==> ignore
    arg [/usr/lib/gcc/x86_64-linux-gnu/6/../../../x86_64-linux-gnu/Scrt1.o] ==> ignore
    arg [/usr/lib/gcc/x86_64-linux-gnu/6/../../../x86_64-linux-gnu/crti.o] ==> ignore
    arg [/usr/lib/gcc/x86_64-linux-gnu/6/crtbeginS.o] ==> ignore
    arg [-L/usr/lib/gcc/x86_64-linux-gnu/6] ==> dir [/usr/lib/gcc/x86_64-linux-gnu/6]
    arg [-L/usr/lib/gcc/x86_64-linux-gnu/6/../../../x86_64-linux-gnu] ==> dir [/usr/lib/gcc/x86_64-linux-gnu/6/../../../x86_64-linux-gnu]
    arg [-L/usr/lib/gcc/x86_64-linux-gnu/6/../../../../lib] ==> dir [/usr/lib/gcc/x86_64-linux-gnu/6/../../../../lib]
    arg [-L/lib/x86_64-linux-gnu] ==> dir [/lib/x86_64-linux-gnu]
    arg [-L/lib/../lib] ==> dir [/lib/../lib]
    arg [-L/usr/lib/x86_64-linux-gnu] ==> dir [/usr/lib/x86_64-linux-gnu]
    arg [-L/usr/lib/../lib] ==> dir [/usr/lib/../lib]
    arg [-L/usr/lib/gcc/x86_64-linux-gnu/6/../../..] ==> dir [/usr/lib/gcc/x86_64-linux-gnu/6/../../..]
    arg [CMakeFiles/cmTC_f5e42.dir/CMakeCCompilerABI.c.o] ==> ignore
    arg [-lgcc] ==> lib [gcc]
    arg [--as-needed] ==> ignore
    arg [-lgcc_s] ==> lib [gcc_s]
    arg [--no-as-needed] ==> ignore
    arg [-lc] ==> lib [c]
    arg [-lgcc] ==> lib [gcc]
    arg [--as-needed] ==> ignore
    arg [-lgcc_s] ==> lib [gcc_s]
    arg [--no-as-needed] ==> ignore
    arg [/usr/lib/gcc/x86_64-linux-gnu/6/crtendS.o] ==> ignore
    arg [/usr/lib/gcc/x86_64-linux-gnu/6/../../../x86_64-linux-gnu/crtn.o] ==> ignore
  remove lib [gcc]
  remove lib [gcc_s]
  remove lib [gcc]
  remove lib [gcc_s]
  collapse library dir [/usr/lib/gcc/x86_64-linux-gnu/6] ==> [/usr/lib/gcc/x86_64-linux-gnu/6]
  collapse library dir [/usr/lib/gcc/x86_64-linux-gnu/6/../../../x86_64-linux-gnu] ==> [/usr/lib/x86_64-linux-gnu]
  collapse library dir [/usr/lib/gcc/x86_64-linux-gnu/6/../../../../lib] ==> [/usr/lib]
  collapse library dir [/lib/x86_64-linux-gnu] ==> [/lib/x86_64-linux-gnu]
  collapse library dir [/lib/../lib] ==> [/lib]
  collapse library dir [/usr/lib/x86_64-linux-gnu] ==> [/usr/lib/x86_64-linux-gnu]
  collapse library dir [/usr/lib/../lib] ==> [/usr/lib]
  collapse library dir [/usr/lib/gcc/x86_64-linux-gnu/6/../../..] ==> [/usr/lib]
  implicit libs: [c]
  implicit dirs: [/usr/lib/gcc/x86_64-linux-gnu/6;/usr/lib/x86_64-linux-gnu;/usr/lib;/lib/x86_64-linux-gnu;/lib]
  implicit fwks: []




Detecting C [-std=c11] compiler features compiled with the following output:
Change Dir: /home/moussa/dev/projects/component-native-ogre3d/src/main/scripts/linux64/ZZIPlib-master/CMakeFiles/CMakeTmp

Run Build Command:"/usr/bin/make" "cmTC_ac6af/fast"
/usr/bin/make -f CMakeFiles/cmTC_ac6af.dir/build.make CMakeFiles/cmTC_ac6af.dir/build
make[1] : on entre dans le répertoire « /home/moussa/dev/projects/component-native-ogre3d/src/main/scripts/linux64/ZZIPlib-master/CMakeFiles/CMakeTmp »
Building C object CMakeFiles/cmTC_ac6af.dir/feature_tests.c.o
/usr/bin/cc    -std=c11 -o CMakeFiles/cmTC_ac6af.dir/feature_tests.c.o   -c /home/moussa/dev/projects/component-native-ogre3d/src/main/scripts/linux64/ZZIPlib-master/CMakeFiles/feature_tests.c
Linking C executable cmTC_ac6af
/usr/bin/cmake -E cmake_link_script CMakeFiles/cmTC_ac6af.dir/link.txt --verbose=1
/usr/bin/cc       CMakeFiles/cmTC_ac6af.dir/feature_tests.c.o  -o cmTC_ac6af -rdynamic 
make[1] : on quitte le répertoire « /home/moussa/dev/projects/component-native-ogre3d/src/main/scripts/linux64/ZZIPlib-master/CMakeFiles/CMakeTmp »


    Feature record: C_FEATURE:1c_function_prototypes
    Feature record: C_FEATURE:1c_restrict
    Feature record: C_FEATURE:1c_static_assert
    Feature record: C_FEATURE:1c_variadic_macros


Detecting C [-std=c99] compiler features compiled with the following output:
Change Dir: /home/moussa/dev/projects/component-native-ogre3d/src/main/scripts/linux64/ZZIPlib-master/CMakeFiles/CMakeTmp

Run Build Command:"/usr/bin/make" "cmTC_53c80/fast"
/usr/bin/make -f CMakeFiles/cmTC_53c80.dir/build.make CMakeFiles/cmTC_53c80.dir/build
make[1] : on entre dans le répertoire « /home/moussa/dev/projects/component-native-ogre3d/src/main/scripts/linux64/ZZIPlib-master/CMakeFiles/CMakeTmp »
Building C object CMakeFiles/cmTC_53c80.dir/feature_tests.c.o
/usr/bin/cc    -std=c99 -o CMakeFiles/cmTC_53c80.dir/feature_tests.c.o   -c /home/moussa/dev/projects/component-native-ogre3d/src/main/scripts/linux64/ZZIPlib-master/CMakeFiles/feature_tests.c
Linking C executable cmTC_53c80
/usr/bin/cmake -E cmake_link_script CMakeFiles/cmTC_53c80.dir/link.txt --verbose=1
/usr/bin/cc       CMakeFiles/cmTC_53c80.dir/feature_tests.c.o  -o cmTC_53c80 -rdynamic 
make[1] : on quitte le répertoire « /home/moussa/dev/projects/component-native-ogre3d/src/main/scripts/linux64/ZZIPlib-master/CMakeFiles/CMakeTmp »


    Feature record: C_FEATURE:1c_function_prototypes
    Feature record: C_FEATURE:1c_restrict
    Feature record: C_FEATURE:0c_static_assert
    Feature record: C_FEATURE:1c_variadic_macros


Detecting C [-std=c90] compiler features compiled with the following output:
Change Dir: /home/moussa/dev/projects/component-native-ogre3d/src/main/scripts/linux64/ZZIPlib-master/CMakeFiles/CMakeTmp

Run Build Command:"/usr/bin/make" "cmTC_50fc2/fast"
/usr/bin/make -f CMakeFiles/cmTC_50fc2.dir/build.make CMakeFiles/cmTC_50fc2.dir/build
make[1] : on entre dans le répertoire « /home/moussa/dev/projects/component-native-ogre3d/src/main/scripts/linux64/ZZIPlib-master/CMakeFiles/CMakeTmp »
Building C object CMakeFiles/cmTC_50fc2.dir/feature_tests.c.o
/usr/bin/cc    -std=c90 -o CMakeFiles/cmTC_50fc2.dir/feature_tests.c.o   -c /home/moussa/dev/projects/component-native-ogre3d/src/main/scripts/linux64/ZZIPlib-master/CMakeFiles/feature_tests.c
Linking C executable cmTC_50fc2
/usr/bin/cmake -E cmake_link_script CMakeFiles/cmTC_50fc2.dir/link.txt --verbose=1
/usr/bin/cc       CMakeFiles/cmTC_50fc2.dir/feature_tests.c.o  -o cmTC_50fc2 -rdynamic 
make[1] : on quitte le répertoire « /home/moussa/dev/projects/component-native-ogre3d/src/main/scripts/linux64/ZZIPlib-master/CMakeFiles/CMakeTmp »


    Feature record: C_FEATURE:1c_function_prototypes
    Feature record: C_FEATURE:0c_restrict
    Feature record: C_FEATURE:0c_static_assert
    Feature record: C_FEATURE:0c_variadic_macros
Determining if files byteswap.h exist passed with the following output:
Change Dir: /home/moussa/dev/projects/component-native-ogre3d/src/main/scripts/linux64/ZZIPlib-master/CMakeFiles/CMakeTmp

Run Build Command:"/usr/bin/make" "cmTC_12353/fast"
/usr/bin/make -f CMakeFiles/cmTC_12353.dir/build.make CMakeFiles/cmTC_12353.dir/build
make[1] : on entre dans le répertoire « /home/moussa/dev/projects/component-native-ogre3d/src/main/scripts/linux64/ZZIPlib-master/CMakeFiles/CMakeTmp »
Building C object CMakeFiles/cmTC_12353.dir/CheckIncludeFiles.c.o
/usr/bin/cc     -o CMakeFiles/cmTC_12353.dir/CheckIncludeFiles.c.o   -c /home/moussa/dev/projects/component-native-ogre3d/src/main/scripts/linux64/ZZIPlib-master/CMakeFiles/CMakeTmp/CheckIncludeFiles.c
Linking C executable cmTC_12353
/usr/bin/cmake -E cmake_link_script CMakeFiles/cmTC_12353.dir/link.txt --verbose=1
/usr/bin/cc       CMakeFiles/cmTC_12353.dir/CheckIncludeFiles.c.o  -o cmTC_12353 -rdynamic 
make[1] : on quitte le répertoire « /home/moussa/dev/projects/component-native-ogre3d/src/main/scripts/linux64/ZZIPlib-master/CMakeFiles/CMakeTmp »


Determining if files dirent.h exist passed with the following output:
Change Dir: /home/moussa/dev/projects/component-native-ogre3d/src/main/scripts/linux64/ZZIPlib-master/CMakeFiles/CMakeTmp

Run Build Command:"/usr/bin/make" "cmTC_77dbf/fast"
/usr/bin/make -f CMakeFiles/cmTC_77dbf.dir/build.make CMakeFiles/cmTC_77dbf.dir/build
make[1] : on entre dans le répertoire « /home/moussa/dev/projects/component-native-ogre3d/src/main/scripts/linux64/ZZIPlib-master/CMakeFiles/CMakeTmp »
Building C object CMakeFiles/cmTC_77dbf.dir/CheckIncludeFiles.c.o
/usr/bin/cc     -o CMakeFiles/cmTC_77dbf.dir/CheckIncludeFiles.c.o   -c /home/moussa/dev/projects/component-native-ogre3d/src/main/scripts/linux64/ZZIPlib-master/CMakeFiles/CMakeTmp/CheckIncludeFiles.c
Linking C executable cmTC_77dbf
/usr/bin/cmake -E cmake_link_script CMakeFiles/cmTC_77dbf.dir/link.txt --verbose=1
/usr/bin/cc       CMakeFiles/cmTC_77dbf.dir/CheckIncludeFiles.c.o  -o cmTC_77dbf -rdynamic 
make[1] : on quitte le répertoire « /home/moussa/dev/projects/component-native-ogre3d/src/main/scripts/linux64/ZZIPlib-master/CMakeFiles/CMakeTmp »


Determining if files dlfcn.h exist passed with the following output:
Change Dir: /home/moussa/dev/projects/component-native-ogre3d/src/main/scripts/linux64/ZZIPlib-master/CMakeFiles/CMakeTmp

Run Build Command:"/usr/bin/make" "cmTC_35997/fast"
/usr/bin/make -f CMakeFiles/cmTC_35997.dir/build.make CMakeFiles/cmTC_35997.dir/build
make[1] : on entre dans le répertoire « /home/moussa/dev/projects/component-native-ogre3d/src/main/scripts/linux64/ZZIPlib-master/CMakeFiles/CMakeTmp »
Building C object CMakeFiles/cmTC_35997.dir/CheckIncludeFiles.c.o
/usr/bin/cc     -o CMakeFiles/cmTC_35997.dir/CheckIncludeFiles.c.o   -c /home/moussa/dev/projects/component-native-ogre3d/src/main/scripts/linux64/ZZIPlib-master/CMakeFiles/CMakeTmp/CheckIncludeFiles.c
Linking C executable cmTC_35997
/usr/bin/cmake -E cmake_link_script CMakeFiles/cmTC_35997.dir/link.txt --verbose=1
/usr/bin/cc       CMakeFiles/cmTC_35997.dir/CheckIncludeFiles.c.o  -o cmTC_35997 -rdynamic 
make[1] : on quitte le répertoire « /home/moussa/dev/projects/component-native-ogre3d/src/main/scripts/linux64/ZZIPlib-master/CMakeFiles/CMakeTmp »


Determining if files fnmatch.h exist passed with the following output:
Change Dir: /home/moussa/dev/projects/component-native-ogre3d/src/main/scripts/linux64/ZZIPlib-master/CMakeFiles/CMakeTmp

Run Build Command:"/usr/bin/make" "cmTC_2120a/fast"
/usr/bin/make -f CMakeFiles/cmTC_2120a.dir/build.make CMakeFiles/cmTC_2120a.dir/build
make[1] : on entre dans le répertoire « /home/moussa/dev/projects/component-native-ogre3d/src/main/scripts/linux64/ZZIPlib-master/CMakeFiles/CMakeTmp »
Building C object CMakeFiles/cmTC_2120a.dir/CheckIncludeFiles.c.o
/usr/bin/cc     -o CMakeFiles/cmTC_2120a.dir/CheckIncludeFiles.c.o   -c /home/moussa/dev/projects/component-native-ogre3d/src/main/scripts/linux64/ZZIPlib-master/CMakeFiles/CMakeTmp/CheckIncludeFiles.c
Linking C executable cmTC_2120a
/usr/bin/cmake -E cmake_link_script CMakeFiles/cmTC_2120a.dir/link.txt --verbose=1
/usr/bin/cc       CMakeFiles/cmTC_2120a.dir/CheckIncludeFiles.c.o  -o cmTC_2120a -rdynamic 
make[1] : on quitte le répertoire « /home/moussa/dev/projects/component-native-ogre3d/src/main/scripts/linux64/ZZIPlib-master/CMakeFiles/CMakeTmp »


Determining if files inttypes.h exist passed with the following output:
Change Dir: /home/moussa/dev/projects/component-native-ogre3d/src/main/scripts/linux64/ZZIPlib-master/CMakeFiles/CMakeTmp

Run Build Command:"/usr/bin/make" "cmTC_5706e/fast"
/usr/bin/make -f CMakeFiles/cmTC_5706e.dir/build.make CMakeFiles/cmTC_5706e.dir/build
make[1] : on entre dans le répertoire « /home/moussa/dev/projects/component-native-ogre3d/src/main/scripts/linux64/ZZIPlib-master/CMakeFiles/CMakeTmp »
Building C object CMakeFiles/cmTC_5706e.dir/CheckIncludeFiles.c.o
/usr/bin/cc     -o CMakeFiles/cmTC_5706e.dir/CheckIncludeFiles.c.o   -c /home/moussa/dev/projects/component-native-ogre3d/src/main/scripts/linux64/ZZIPlib-master/CMakeFiles/CMakeTmp/CheckIncludeFiles.c
Linking C executable cmTC_5706e
/usr/bin/cmake -E cmake_link_script CMakeFiles/cmTC_5706e.dir/link.txt --verbose=1
/usr/bin/cc       CMakeFiles/cmTC_5706e.dir/CheckIncludeFiles.c.o  -o cmTC_5706e -rdynamic 
make[1] : on quitte le répertoire « /home/moussa/dev/projects/component-native-ogre3d/src/main/scripts/linux64/ZZIPlib-master/CMakeFiles/CMakeTmp »


Determining if files memory.h exist passed with the following output:
Change Dir: /home/moussa/dev/projects/component-native-ogre3d/src/main/scripts/linux64/ZZIPlib-master/CMakeFiles/CMakeTmp

Run Build Command:"/usr/bin/make" "cmTC_443b5/fast"
/usr/bin/make -f CMakeFiles/cmTC_443b5.dir/build.make CMakeFiles/cmTC_443b5.dir/build
make[1] : on entre dans le répertoire « /home/moussa/dev/projects/component-native-ogre3d/src/main/scripts/linux64/ZZIPlib-master/CMakeFiles/CMakeTmp »
Building C object CMakeFiles/cmTC_443b5.dir/CheckIncludeFiles.c.o
/usr/bin/cc     -o CMakeFiles/cmTC_443b5.dir/CheckIncludeFiles.c.o   -c /home/moussa/dev/projects/component-native-ogre3d/src/main/scripts/linux64/ZZIPlib-master/CMakeFiles/CMakeTmp/CheckIncludeFiles.c
Linking C executable cmTC_443b5
/usr/bin/cmake -E cmake_link_script CMakeFiles/cmTC_443b5.dir/link.txt --verbose=1
/usr/bin/cc       CMakeFiles/cmTC_443b5.dir/CheckIncludeFiles.c.o  -o cmTC_443b5 -rdynamic 
make[1] : on quitte le répertoire « /home/moussa/dev/projects/component-native-ogre3d/src/main/scripts/linux64/ZZIPlib-master/CMakeFiles/CMakeTmp »


Determining if files stdint.h exist passed with the following output:
Change Dir: /home/moussa/dev/projects/component-native-ogre3d/src/main/scripts/linux64/ZZIPlib-master/CMakeFiles/CMakeTmp

Run Build Command:"/usr/bin/make" "cmTC_747b9/fast"
/usr/bin/make -f CMakeFiles/cmTC_747b9.dir/build.make CMakeFiles/cmTC_747b9.dir/build
make[1] : on entre dans le répertoire « /home/moussa/dev/projects/component-native-ogre3d/src/main/scripts/linux64/ZZIPlib-master/CMakeFiles/CMakeTmp »
Building C object CMakeFiles/cmTC_747b9.dir/CheckIncludeFiles.c.o
/usr/bin/cc     -o CMakeFiles/cmTC_747b9.dir/CheckIncludeFiles.c.o   -c /home/moussa/dev/projects/component-native-ogre3d/src/main/scripts/linux64/ZZIPlib-master/CMakeFiles/CMakeTmp/CheckIncludeFiles.c
Linking C executable cmTC_747b9
/usr/bin/cmake -E cmake_link_script CMakeFiles/cmTC_747b9.dir/link.txt --verbose=1
/usr/bin/cc       CMakeFiles/cmTC_747b9.dir/CheckIncludeFiles.c.o  -o cmTC_747b9 -rdynamic 
make[1] : on quitte le répertoire « /home/moussa/dev/projects/component-native-ogre3d/src/main/scripts/linux64/ZZIPlib-master/CMakeFiles/CMakeTmp »


Determining if files stdlib.h exist passed with the following output:
Change Dir: /home/moussa/dev/projects/component-native-ogre3d/src/main/scripts/linux64/ZZIPlib-master/CMakeFiles/CMakeTmp

Run Build Command:"/usr/bin/make" "cmTC_43a4c/fast"
/usr/bin/make -f CMakeFiles/cmTC_43a4c.dir/build.make CMakeFiles/cmTC_43a4c.dir/build
make[1] : on entre dans le répertoire « /home/moussa/dev/projects/component-native-ogre3d/src/main/scripts/linux64/ZZIPlib-master/CMakeFiles/CMakeTmp »
Building C object CMakeFiles/cmTC_43a4c.dir/CheckIncludeFiles.c.o
/usr/bin/cc     -o CMakeFiles/cmTC_43a4c.dir/CheckIncludeFiles.c.o   -c /home/moussa/dev/projects/component-native-ogre3d/src/main/scripts/linux64/ZZIPlib-master/CMakeFiles/CMakeTmp/CheckIncludeFiles.c
Linking C executable cmTC_43a4c
/usr/bin/cmake -E cmake_link_script CMakeFiles/cmTC_43a4c.dir/link.txt --verbose=1
/usr/bin/cc       CMakeFiles/cmTC_43a4c.dir/CheckIncludeFiles.c.o  -o cmTC_43a4c -rdynamic 
make[1] : on quitte le répertoire « /home/moussa/dev/projects/component-native-ogre3d/src/main/scripts/linux64/ZZIPlib-master/CMakeFiles/CMakeTmp »


Determining if the function strcasecmp exists passed with the following output:
Change Dir: /home/moussa/dev/projects/component-native-ogre3d/src/main/scripts/linux64/ZZIPlib-master/CMakeFiles/CMakeTmp

Run Build Command:"/usr/bin/make" "cmTC_bc0d8/fast"
/usr/bin/make -f CMakeFiles/cmTC_bc0d8.dir/build.make CMakeFiles/cmTC_bc0d8.dir/build
make[1] : on entre dans le répertoire « /home/moussa/dev/projects/component-native-ogre3d/src/main/scripts/linux64/ZZIPlib-master/CMakeFiles/CMakeTmp »
Building C object CMakeFiles/cmTC_bc0d8.dir/CheckFunctionExists.c.o
/usr/bin/cc    -DCHECK_FUNCTION_EXISTS=strcasecmp   -o CMakeFiles/cmTC_bc0d8.dir/CheckFunctionExists.c.o   -c /usr/share/cmake-3.7/Modules/CheckFunctionExists.c
<command-line>:0:23: warning: conflicting types for built-in function ‘strcasecmp’
/usr/share/cmake-3.7/Modules/CheckFunctionExists.c:7:3: note: in expansion of macro ‘CHECK_FUNCTION_EXISTS’
   CHECK_FUNCTION_EXISTS();
   ^~~~~~~~~~~~~~~~~~~~~
Linking C executable cmTC_bc0d8
/usr/bin/cmake -E cmake_link_script CMakeFiles/cmTC_bc0d8.dir/link.txt --verbose=1
/usr/bin/cc   -DCHECK_FUNCTION_EXISTS=strcasecmp    CMakeFiles/cmTC_bc0d8.dir/CheckFunctionExists.c.o  -o cmTC_bc0d8 -rdynamic 
make[1] : on quitte le répertoire « /home/moussa/dev/projects/component-native-ogre3d/src/main/scripts/linux64/ZZIPlib-master/CMakeFiles/CMakeTmp »


Determining if files strings.h exist passed with the following output:
Change Dir: /home/moussa/dev/projects/component-native-ogre3d/src/main/scripts/linux64/ZZIPlib-master/CMakeFiles/CMakeTmp

Run Build Command:"/usr/bin/make" "cmTC_e0d37/fast"
/usr/bin/make -f CMakeFiles/cmTC_e0d37.dir/build.make CMakeFiles/cmTC_e0d37.dir/build
make[1] : on entre dans le répertoire « /home/moussa/dev/projects/component-native-ogre3d/src/main/scripts/linux64/ZZIPlib-master/CMakeFiles/CMakeTmp »
Building C object CMakeFiles/cmTC_e0d37.dir/CheckIncludeFiles.c.o
/usr/bin/cc     -o CMakeFiles/cmTC_e0d37.dir/CheckIncludeFiles.c.o   -c /home/moussa/dev/projects/component-native-ogre3d/src/main/scripts/linux64/ZZIPlib-master/CMakeFiles/CMakeTmp/CheckIncludeFiles.c
Linking C executable cmTC_e0d37
/usr/bin/cmake -E cmake_link_script CMakeFiles/cmTC_e0d37.dir/link.txt --verbose=1
/usr/bin/cc       CMakeFiles/cmTC_e0d37.dir/CheckIncludeFiles.c.o  -o cmTC_e0d37 -rdynamic 
make[1] : on quitte le répertoire « /home/moussa/dev/projects/component-native-ogre3d/src/main/scripts/linux64/ZZIPlib-master/CMakeFiles/CMakeTmp »


Determining if files string.h exist passed with the following output:
Change Dir: /home/moussa/dev/projects/component-native-ogre3d/src/main/scripts/linux64/ZZIPlib-master/CMakeFiles/CMakeTmp

Run Build Command:"/usr/bin/make" "cmTC_2b1db/fast"
/usr/bin/make -f CMakeFiles/cmTC_2b1db.dir/build.make CMakeFiles/cmTC_2b1db.dir/build
make[1] : on entre dans le répertoire « /home/moussa/dev/projects/component-native-ogre3d/src/main/scripts/linux64/ZZIPlib-master/CMakeFiles/CMakeTmp »
Building C object CMakeFiles/cmTC_2b1db.dir/CheckIncludeFiles.c.o
/usr/bin/cc     -o CMakeFiles/cmTC_2b1db.dir/CheckIncludeFiles.c.o   -c /home/moussa/dev/projects/component-native-ogre3d/src/main/scripts/linux64/ZZIPlib-master/CMakeFiles/CMakeTmp/CheckIncludeFiles.c
Linking C executable cmTC_2b1db
/usr/bin/cmake -E cmake_link_script CMakeFiles/cmTC_2b1db.dir/link.txt --verbose=1
/usr/bin/cc       CMakeFiles/cmTC_2b1db.dir/CheckIncludeFiles.c.o  -o cmTC_2b1db -rdynamic 
make[1] : on quitte le répertoire « /home/moussa/dev/projects/component-native-ogre3d/src/main/scripts/linux64/ZZIPlib-master/CMakeFiles/CMakeTmp »


Determining if the function strndup exists passed with the following output:
Change Dir: /home/moussa/dev/projects/component-native-ogre3d/src/main/scripts/linux64/ZZIPlib-master/CMakeFiles/CMakeTmp

Run Build Command:"/usr/bin/make" "cmTC_59846/fast"
/usr/bin/make -f CMakeFiles/cmTC_59846.dir/build.make CMakeFiles/cmTC_59846.dir/build
make[1] : on entre dans le répertoire « /home/moussa/dev/projects/component-native-ogre3d/src/main/scripts/linux64/ZZIPlib-master/CMakeFiles/CMakeTmp »
Building C object CMakeFiles/cmTC_59846.dir/CheckFunctionExists.c.o
/usr/bin/cc    -DCHECK_FUNCTION_EXISTS=strndup   -o CMakeFiles/cmTC_59846.dir/CheckFunctionExists.c.o   -c /usr/share/cmake-3.7/Modules/CheckFunctionExists.c
<command-line>:0:23: warning: conflicting types for built-in function ‘strndup’
/usr/share/cmake-3.7/Modules/CheckFunctionExists.c:7:3: note: in expansion of macro ‘CHECK_FUNCTION_EXISTS’
   CHECK_FUNCTION_EXISTS();
   ^~~~~~~~~~~~~~~~~~~~~
Linking C executable cmTC_59846
/usr/bin/cmake -E cmake_link_script CMakeFiles/cmTC_59846.dir/link.txt --verbose=1
/usr/bin/cc   -DCHECK_FUNCTION_EXISTS=strndup    CMakeFiles/cmTC_59846.dir/CheckFunctionExists.c.o  -o cmTC_59846 -rdynamic 
make[1] : on quitte le répertoire « /home/moussa/dev/projects/component-native-ogre3d/src/main/scripts/linux64/ZZIPlib-master/CMakeFiles/CMakeTmp »


Determining if files sys/dir.h exist passed with the following output:
Change Dir: /home/moussa/dev/projects/component-native-ogre3d/src/main/scripts/linux64/ZZIPlib-master/CMakeFiles/CMakeTmp

Run Build Command:"/usr/bin/make" "cmTC_d7178/fast"
/usr/bin/make -f CMakeFiles/cmTC_d7178.dir/build.make CMakeFiles/cmTC_d7178.dir/build
make[1] : on entre dans le répertoire « /home/moussa/dev/projects/component-native-ogre3d/src/main/scripts/linux64/ZZIPlib-master/CMakeFiles/CMakeTmp »
Building C object CMakeFiles/cmTC_d7178.dir/CheckIncludeFiles.c.o
/usr/bin/cc     -o CMakeFiles/cmTC_d7178.dir/CheckIncludeFiles.c.o   -c /home/moussa/dev/projects/component-native-ogre3d/src/main/scripts/linux64/ZZIPlib-master/CMakeFiles/CMakeTmp/CheckIncludeFiles.c
Linking C executable cmTC_d7178
/usr/bin/cmake -E cmake_link_script CMakeFiles/cmTC_d7178.dir/link.txt --verbose=1
/usr/bin/cc       CMakeFiles/cmTC_d7178.dir/CheckIncludeFiles.c.o  -o cmTC_d7178 -rdynamic 
make[1] : on quitte le répertoire « /home/moussa/dev/projects/component-native-ogre3d/src/main/scripts/linux64/ZZIPlib-master/CMakeFiles/CMakeTmp »


Determining if files sys/mman.h exist passed with the following output:
Change Dir: /home/moussa/dev/projects/component-native-ogre3d/src/main/scripts/linux64/ZZIPlib-master/CMakeFiles/CMakeTmp

Run Build Command:"/usr/bin/make" "cmTC_0dbc2/fast"
/usr/bin/make -f CMakeFiles/cmTC_0dbc2.dir/build.make CMakeFiles/cmTC_0dbc2.dir/build
make[1] : on entre dans le répertoire « /home/moussa/dev/projects/component-native-ogre3d/src/main/scripts/linux64/ZZIPlib-master/CMakeFiles/CMakeTmp »
Building C object CMakeFiles/cmTC_0dbc2.dir/CheckIncludeFiles.c.o
/usr/bin/cc     -o CMakeFiles/cmTC_0dbc2.dir/CheckIncludeFiles.c.o   -c /home/moussa/dev/projects/component-native-ogre3d/src/main/scripts/linux64/ZZIPlib-master/CMakeFiles/CMakeTmp/CheckIncludeFiles.c
Linking C executable cmTC_0dbc2
/usr/bin/cmake -E cmake_link_script CMakeFiles/cmTC_0dbc2.dir/link.txt --verbose=1
/usr/bin/cc       CMakeFiles/cmTC_0dbc2.dir/CheckIncludeFiles.c.o  -o cmTC_0dbc2 -rdynamic 
make[1] : on quitte le répertoire « /home/moussa/dev/projects/component-native-ogre3d/src/main/scripts/linux64/ZZIPlib-master/CMakeFiles/CMakeTmp »


Determining if files sys/param.h exist passed with the following output:
Change Dir: /home/moussa/dev/projects/component-native-ogre3d/src/main/scripts/linux64/ZZIPlib-master/CMakeFiles/CMakeTmp

Run Build Command:"/usr/bin/make" "cmTC_74ba5/fast"
/usr/bin/make -f CMakeFiles/cmTC_74ba5.dir/build.make CMakeFiles/cmTC_74ba5.dir/build
make[1] : on entre dans le répertoire « /home/moussa/dev/projects/component-native-ogre3d/src/main/scripts/linux64/ZZIPlib-master/CMakeFiles/CMakeTmp »
Building C object CMakeFiles/cmTC_74ba5.dir/CheckIncludeFiles.c.o
/usr/bin/cc     -o CMakeFiles/cmTC_74ba5.dir/CheckIncludeFiles.c.o   -c /home/moussa/dev/projects/component-native-ogre3d/src/main/scripts/linux64/ZZIPlib-master/CMakeFiles/CMakeTmp/CheckIncludeFiles.c
Linking C executable cmTC_74ba5
/usr/bin/cmake -E cmake_link_script CMakeFiles/cmTC_74ba5.dir/link.txt --verbose=1
/usr/bin/cc       CMakeFiles/cmTC_74ba5.dir/CheckIncludeFiles.c.o  -o cmTC_74ba5 -rdynamic 
make[1] : on quitte le répertoire « /home/moussa/dev/projects/component-native-ogre3d/src/main/scripts/linux64/ZZIPlib-master/CMakeFiles/CMakeTmp »


Determining if files sys/stat.h exist passed with the following output:
Change Dir: /home/moussa/dev/projects/component-native-ogre3d/src/main/scripts/linux64/ZZIPlib-master/CMakeFiles/CMakeTmp

Run Build Command:"/usr/bin/make" "cmTC_c728c/fast"
/usr/bin/make -f CMakeFiles/cmTC_c728c.dir/build.make CMakeFiles/cmTC_c728c.dir/build
make[1] : on entre dans le répertoire « /home/moussa/dev/projects/component-native-ogre3d/src/main/scripts/linux64/ZZIPlib-master/CMakeFiles/CMakeTmp »
Building C object CMakeFiles/cmTC_c728c.dir/CheckIncludeFiles.c.o
/usr/bin/cc     -o CMakeFiles/cmTC_c728c.dir/CheckIncludeFiles.c.o   -c /home/moussa/dev/projects/component-native-ogre3d/src/main/scripts/linux64/ZZIPlib-master/CMakeFiles/CMakeTmp/CheckIncludeFiles.c
Linking C executable cmTC_c728c
/usr/bin/cmake -E cmake_link_script CMakeFiles/cmTC_c728c.dir/link.txt --verbose=1
/usr/bin/cc       CMakeFiles/cmTC_c728c.dir/CheckIncludeFiles.c.o  -o cmTC_c728c -rdynamic 
make[1] : on quitte le répertoire « /home/moussa/dev/projects/component-native-ogre3d/src/main/scripts/linux64/ZZIPlib-master/CMakeFiles/CMakeTmp »


Determining if files sys/types.h exist passed with the following output:
Change Dir: /home/moussa/dev/projects/component-native-ogre3d/src/main/scripts/linux64/ZZIPlib-master/CMakeFiles/CMakeTmp

Run Build Command:"/usr/bin/make" "cmTC_c6e26/fast"
/usr/bin/make -f CMakeFiles/cmTC_c6e26.dir/build.make CMakeFiles/cmTC_c6e26.dir/build
make[1] : on entre dans le répertoire « /home/moussa/dev/projects/component-native-ogre3d/src/main/scripts/linux64/ZZIPlib-master/CMakeFiles/CMakeTmp »
Building C object CMakeFiles/cmTC_c6e26.dir/CheckIncludeFiles.c.o
/usr/bin/cc     -o CMakeFiles/cmTC_c6e26.dir/CheckIncludeFiles.c.o   -c /home/moussa/dev/projects/component-native-ogre3d/src/main/scripts/linux64/ZZIPlib-master/CMakeFiles/CMakeTmp/CheckIncludeFiles.c
Linking C executable cmTC_c6e26
/usr/bin/cmake -E cmake_link_script CMakeFiles/cmTC_c6e26.dir/link.txt --verbose=1
/usr/bin/cc       CMakeFiles/cmTC_c6e26.dir/CheckIncludeFiles.c.o  -o cmTC_c6e26 -rdynamic 
make[1] : on quitte le répertoire « /home/moussa/dev/projects/component-native-ogre3d/src/main/scripts/linux64/ZZIPlib-master/CMakeFiles/CMakeTmp »


Determining if files unistd.h exist passed with the following output:
Change Dir: /home/moussa/dev/projects/component-native-ogre3d/src/main/scripts/linux64/ZZIPlib-master/CMakeFiles/CMakeTmp

Run Build Command:"/usr/bin/make" "cmTC_ae6af/fast"
/usr/bin/make -f CMakeFiles/cmTC_ae6af.dir/build.make CMakeFiles/cmTC_ae6af.dir/build
make[1] : on entre dans le répertoire « /home/moussa/dev/projects/component-native-ogre3d/src/main/scripts/linux64/ZZIPlib-master/CMakeFiles/CMakeTmp »
Building C object CMakeFiles/cmTC_ae6af.dir/CheckIncludeFiles.c.o
/usr/bin/cc     -o CMakeFiles/cmTC_ae6af.dir/CheckIncludeFiles.c.o   -c /home/moussa/dev/projects/component-native-ogre3d/src/main/scripts/linux64/ZZIPlib-master/CMakeFiles/CMakeTmp/CheckIncludeFiles.c
Linking C executable cmTC_ae6af
/usr/bin/cmake -E cmake_link_script CMakeFiles/cmTC_ae6af.dir/link.txt --verbose=1
/usr/bin/cc       CMakeFiles/cmTC_ae6af.dir/CheckIncludeFiles.c.o  -o cmTC_ae6af -rdynamic 
make[1] : on quitte le répertoire « /home/moussa/dev/projects/component-native-ogre3d/src/main/scripts/linux64/ZZIPlib-master/CMakeFiles/CMakeTmp »


Determining if the include file sys/types.h exists passed with the following output:
Change Dir: /home/moussa/dev/projects/component-native-ogre3d/src/main/scripts/linux64/ZZIPlib-master/CMakeFiles/CMakeTmp

Run Build Command:"/usr/bin/make" "cmTC_d7d0e/fast"
/usr/bin/make -f CMakeFiles/cmTC_d7d0e.dir/build.make CMakeFiles/cmTC_d7d0e.dir/build
make[1] : on entre dans le répertoire « /home/moussa/dev/projects/component-native-ogre3d/src/main/scripts/linux64/ZZIPlib-master/CMakeFiles/CMakeTmp »
Building C object CMakeFiles/cmTC_d7d0e.dir/CheckIncludeFile.c.o
/usr/bin/cc     -o CMakeFiles/cmTC_d7d0e.dir/CheckIncludeFile.c.o   -c /home/moussa/dev/projects/component-native-ogre3d/src/main/scripts/linux64/ZZIPlib-master/CMakeFiles/CMakeTmp/CheckIncludeFile.c
Linking C executable cmTC_d7d0e
/usr/bin/cmake -E cmake_link_script CMakeFiles/cmTC_d7d0e.dir/link.txt --verbose=1
/usr/bin/cc       CMakeFiles/cmTC_d7d0e.dir/CheckIncludeFile.c.o  -o cmTC_d7d0e -rdynamic 
make[1] : on quitte le répertoire « /home/moussa/dev/projects/component-native-ogre3d/src/main/scripts/linux64/ZZIPlib-master/CMakeFiles/CMakeTmp »


Determining if the include file stdint.h exists passed with the following output:
Change Dir: /home/moussa/dev/projects/component-native-ogre3d/src/main/scripts/linux64/ZZIPlib-master/CMakeFiles/CMakeTmp

Run Build Command:"/usr/bin/make" "cmTC_946b7/fast"
/usr/bin/make -f CMakeFiles/cmTC_946b7.dir/build.make CMakeFiles/cmTC_946b7.dir/build
make[1] : on entre dans le répertoire « /home/moussa/dev/projects/component-native-ogre3d/src/main/scripts/linux64/ZZIPlib-master/CMakeFiles/CMakeTmp »
Building C object CMakeFiles/cmTC_946b7.dir/CheckIncludeFile.c.o
/usr/bin/cc     -o CMakeFiles/cmTC_946b7.dir/CheckIncludeFile.c.o   -c /home/moussa/dev/projects/component-native-ogre3d/src/main/scripts/linux64/ZZIPlib-master/CMakeFiles/CMakeTmp/CheckIncludeFile.c
Linking C executable cmTC_946b7
/usr/bin/cmake -E cmake_link_script CMakeFiles/cmTC_946b7.dir/link.txt --verbose=1
/usr/bin/cc       CMakeFiles/cmTC_946b7.dir/CheckIncludeFile.c.o  -o cmTC_946b7 -rdynamic 
make[1] : on quitte le répertoire « /home/moussa/dev/projects/component-native-ogre3d/src/main/scripts/linux64/ZZIPlib-master/CMakeFiles/CMakeTmp »


Determining if the include file stddef.h exists passed with the following output:
Change Dir: /home/moussa/dev/projects/component-native-ogre3d/src/main/scripts/linux64/ZZIPlib-master/CMakeFiles/CMakeTmp

Run Build Command:"/usr/bin/make" "cmTC_f2431/fast"
/usr/bin/make -f CMakeFiles/cmTC_f2431.dir/build.make CMakeFiles/cmTC_f2431.dir/build
make[1] : on entre dans le répertoire « /home/moussa/dev/projects/component-native-ogre3d/src/main/scripts/linux64/ZZIPlib-master/CMakeFiles/CMakeTmp »
Building C object CMakeFiles/cmTC_f2431.dir/CheckIncludeFile.c.o
/usr/bin/cc     -o CMakeFiles/cmTC_f2431.dir/CheckIncludeFile.c.o   -c /home/moussa/dev/projects/component-native-ogre3d/src/main/scripts/linux64/ZZIPlib-master/CMakeFiles/CMakeTmp/CheckIncludeFile.c
Linking C executable cmTC_f2431
/usr/bin/cmake -E cmake_link_script CMakeFiles/cmTC_f2431.dir/link.txt --verbose=1
/usr/bin/cc       CMakeFiles/cmTC_f2431.dir/CheckIncludeFile.c.o  -o cmTC_f2431 -rdynamic 
make[1] : on quitte le répertoire « /home/moussa/dev/projects/component-native-ogre3d/src/main/scripts/linux64/ZZIPlib-master/CMakeFiles/CMakeTmp »


Determining size of int passed with the following output:
Change Dir: /home/moussa/dev/projects/component-native-ogre3d/src/main/scripts/linux64/ZZIPlib-master/CMakeFiles/CMakeTmp

Run Build Command:"/usr/bin/make" "cmTC_196d1/fast"
/usr/bin/make -f CMakeFiles/cmTC_196d1.dir/build.make CMakeFiles/cmTC_196d1.dir/build
make[1] : on entre dans le répertoire « /home/moussa/dev/projects/component-native-ogre3d/src/main/scripts/linux64/ZZIPlib-master/CMakeFiles/CMakeTmp »
Building C object CMakeFiles/cmTC_196d1.dir/ZZIP_SIZEOF_INT.c.o
/usr/bin/cc     -o CMakeFiles/cmTC_196d1.dir/ZZIP_SIZEOF_INT.c.o   -c /home/moussa/dev/projects/component-native-ogre3d/src/main/scripts/linux64/ZZIPlib-master/CMakeFiles/CheckTypeSize/ZZIP_SIZEOF_INT.c
Linking C executable cmTC_196d1
/usr/bin/cmake -E cmake_link_script CMakeFiles/cmTC_196d1.dir/link.txt --verbose=1
/usr/bin/cc       CMakeFiles/cmTC_196d1.dir/ZZIP_SIZEOF_INT.c.o  -o cmTC_196d1 -rdynamic 
make[1] : on quitte le répertoire « /home/moussa/dev/projects/component-native-ogre3d/src/main/scripts/linux64/ZZIPlib-master/CMakeFiles/CMakeTmp »


Determining size of long passed with the following output:
Change Dir: /home/moussa/dev/projects/component-native-ogre3d/src/main/scripts/linux64/ZZIPlib-master/CMakeFiles/CMakeTmp

Run Build Command:"/usr/bin/make" "cmTC_fbaff/fast"
/usr/bin/make -f CMakeFiles/cmTC_fbaff.dir/build.make CMakeFiles/cmTC_fbaff.dir/build
make[1] : on entre dans le répertoire « /home/moussa/dev/projects/component-native-ogre3d/src/main/scripts/linux64/ZZIPlib-master/CMakeFiles/CMakeTmp »
Building C object CMakeFiles/cmTC_fbaff.dir/ZZIP_SIZEOF_LONG.c.o
/usr/bin/cc     -o CMakeFiles/cmTC_fbaff.dir/ZZIP_SIZEOF_LONG.c.o   -c /home/moussa/dev/projects/component-native-ogre3d/src/main/scripts/linux64/ZZIPlib-master/CMakeFiles/CheckTypeSize/ZZIP_SIZEOF_LONG.c
Linking C executable cmTC_fbaff
/usr/bin/cmake -E cmake_link_script CMakeFiles/cmTC_fbaff.dir/link.txt --verbose=1
/usr/bin/cc       CMakeFiles/cmTC_fbaff.dir/ZZIP_SIZEOF_LONG.c.o  -o cmTC_fbaff -rdynamic 
make[1] : on quitte le répertoire « /home/moussa/dev/projects/component-native-ogre3d/src/main/scripts/linux64/ZZIPlib-master/CMakeFiles/CMakeTmp »


Determining size of short passed with the following output:
Change Dir: /home/moussa/dev/projects/component-native-ogre3d/src/main/scripts/linux64/ZZIPlib-master/CMakeFiles/CMakeTmp

Run Build Command:"/usr/bin/make" "cmTC_b3f7c/fast"
/usr/bin/make -f CMakeFiles/cmTC_b3f7c.dir/build.make CMakeFiles/cmTC_b3f7c.dir/build
make[1] : on entre dans le répertoire « /home/moussa/dev/projects/component-native-ogre3d/src/main/scripts/linux64/ZZIPlib-master/CMakeFiles/CMakeTmp »
Building C object CMakeFiles/cmTC_b3f7c.dir/ZZIP_SIZEOF_SHORT.c.o
/usr/bin/cc     -o CMakeFiles/cmTC_b3f7c.dir/ZZIP_SIZEOF_SHORT.c.o   -c /home/moussa/dev/projects/component-native-ogre3d/src/main/scripts/linux64/ZZIPlib-master/CMakeFiles/CheckTypeSize/ZZIP_SIZEOF_SHORT.c
Linking C executable cmTC_b3f7c
/usr/bin/cmake -E cmake_link_script CMakeFiles/cmTC_b3f7c.dir/link.txt --verbose=1
/usr/bin/cc       CMakeFiles/cmTC_b3f7c.dir/ZZIP_SIZEOF_SHORT.c.o  -o cmTC_b3f7c -rdynamic 
make[1] : on quitte le répertoire « /home/moussa/dev/projects/component-native-ogre3d/src/main/scripts/linux64/ZZIPlib-master/CMakeFiles/CMakeTmp »


Determining if files stdlib.h;stdarg.h;string.h;float.h exist passed with the following output:
Change Dir: /home/moussa/dev/projects/component-native-ogre3d/src/main/scripts/linux64/ZZIPlib-master/CMakeFiles/CMakeTmp

Run Build Command:"/usr/bin/make" "cmTC_f1a76/fast"
/usr/bin/make -f CMakeFiles/cmTC_f1a76.dir/build.make CMakeFiles/cmTC_f1a76.dir/build
make[1] : on entre dans le répertoire « /home/moussa/dev/projects/component-native-ogre3d/src/main/scripts/linux64/ZZIPlib-master/CMakeFiles/CMakeTmp »
Building C object CMakeFiles/cmTC_f1a76.dir/CheckIncludeFiles.c.o
/usr/bin/cc     -o CMakeFiles/cmTC_f1a76.dir/CheckIncludeFiles.c.o   -c /home/moussa/dev/projects/component-native-ogre3d/src/main/scripts/linux64/ZZIPlib-master/CMakeFiles/CMakeTmp/CheckIncludeFiles.c
Linking C executable cmTC_f1a76
/usr/bin/cmake -E cmake_link_script CMakeFiles/cmTC_f1a76.dir/link.txt --verbose=1
/usr/bin/cc       CMakeFiles/cmTC_f1a76.dir/CheckIncludeFiles.c.o  -o cmTC_f1a76 -rdynamic 
make[1] : on quitte le répertoire « /home/moussa/dev/projects/component-native-ogre3d/src/main/scripts/linux64/ZZIPlib-master/CMakeFiles/CMakeTmp »


Determining size of unsigned short passed with the following output:
Change Dir: /home/moussa/dev/projects/component-native-ogre3d/src/main/scripts/linux64/ZZIPlib-master/CMakeFiles/CMakeTmp

Run Build Command:"/usr/bin/make" "cmTC_024d7/fast"
/usr/bin/make -f CMakeFiles/cmTC_024d7.dir/build.make CMakeFiles/cmTC_024d7.dir/build
make[1] : on entre dans le répertoire « /home/moussa/dev/projects/component-native-ogre3d/src/main/scripts/linux64/ZZIPlib-master/CMakeFiles/CMakeTmp »
Building C object CMakeFiles/cmTC_024d7.dir/CMAKE_SIZEOF_UNSIGNED_SHORT.c.o
/usr/bin/cc     -o CMakeFiles/cmTC_024d7.dir/CMAKE_SIZEOF_UNSIGNED_SHORT.c.o   -c /home/moussa/dev/projects/component-native-ogre3d/src/main/scripts/linux64/ZZIPlib-master/CMakeFiles/CheckTypeSize/CMAKE_SIZEOF_UNSIGNED_SHORT.c
Linking C executable cmTC_024d7
/usr/bin/cmake -E cmake_link_script CMakeFiles/cmTC_024d7.dir/link.txt --verbose=1
/usr/bin/cc       CMakeFiles/cmTC_024d7.dir/CMAKE_SIZEOF_UNSIGNED_SHORT.c.o  -o cmTC_024d7 -rdynamic 
make[1] : on quitte le répertoire « /home/moussa/dev/projects/component-native-ogre3d/src/main/scripts/linux64/ZZIPlib-master/CMakeFiles/CMakeTmp »


Determining if the system is big endian passed with the following output:
Change Dir: /home/moussa/dev/projects/component-native-ogre3d/src/main/scripts/linux64/ZZIPlib-master/CMakeFiles/CMakeTmp

Run Build Command:"/usr/bin/make" "cmTC_b3b3d/fast"
/usr/bin/make -f CMakeFiles/cmTC_b3b3d.dir/build.make CMakeFiles/cmTC_b3b3d.dir/build
make[1] : on entre dans le répertoire « /home/moussa/dev/projects/component-native-ogre3d/src/main/scripts/linux64/ZZIPlib-master/CMakeFiles/CMakeTmp »
Building C object CMakeFiles/cmTC_b3b3d.dir/TestEndianess.c.o
/usr/bin/cc     -o CMakeFiles/cmTC_b3b3d.dir/TestEndianess.c.o   -c /home/moussa/dev/projects/component-native-ogre3d/src/main/scripts/linux64/ZZIPlib-master/CMakeFiles/CMakeTmp/TestEndianess.c
Linking C executable cmTC_b3b3d
/usr/bin/cmake -E cmake_link_script CMakeFiles/cmTC_b3b3d.dir/link.txt --verbose=1
/usr/bin/cc       CMakeFiles/cmTC_b3b3d.dir/TestEndianess.c.o  -o cmTC_b3b3d -rdynamic 
make[1] : on quitte le répertoire « /home/moussa/dev/projects/component-native-ogre3d/src/main/scripts/linux64/ZZIPlib-master/CMakeFiles/CMakeTmp »

TestEndianess.c:
/* A 16 bit integer is required. */
typedef unsigned short cmakeint16;

/* On a little endian machine, these 16bit ints will give "THIS IS LITTLE ENDIAN."
   On a big endian machine the characters will be exchanged pairwise. */
const cmakeint16 info_little[] =  {0x4854, 0x5349, 0x4920, 0x2053, 0x494c, 0x5454, 0x454c, 0x4520, 0x444e, 0x4149, 0x2e4e, 0x0000};

/* on a big endian machine, these 16bit ints will give "THIS IS BIG ENDIAN."
   On a little endian machine the characters will be exchanged pairwise. */
const cmakeint16 info_big[] =     {0x5448, 0x4953, 0x2049, 0x5320, 0x4249, 0x4720, 0x454e, 0x4449, 0x414e, 0x2e2e, 0x0000};

#ifdef __CLASSIC_C__
int main(argc, argv) int argc; char *argv[];
#else
int main(int argc, char *argv[])
#endif
{
  int require = 0;
  require += info_little[argc];
  require += info_big[argc];
  (void)argv;
  return require;
}


